./icons/icon.xpm
./packages/org.eclipse.epp.package.scout/images/scout.png
./packages/org.eclipse.epp.package.scout/eclipse_lg.png
./packages/org.eclipse.epp.package.scout/eclipse16@2x.png
./packages/org.eclipse.epp.package.scout/eclipse48@2x.png
./packages/org.eclipse.epp.package.scout/eclipse256.png
./packages/org.eclipse.epp.package.scout/epp32.png
./packages/org.eclipse.epp.package.scout/eclipse_lg@2x.png
./packages/org.eclipse.epp.package.scout/eclipse32.png
./packages/org.eclipse.epp.package.scout/eclipse32@2x.png
./packages/org.eclipse.epp.package.scout/eclipse48.png
./packages/org.eclipse.epp.package.scout/eclipse16.png
./packages/org.eclipse.epp.package.scout/eclipse256@2x.png

./packages/org.eclipse.epp.package.rcp/eclipse_lg.png
./packages/org.eclipse.epp.package.rcp/eclipse16@2x.png
./packages/org.eclipse.epp.package.rcp/eclipse48@2x.png
./packages/org.eclipse.epp.package.rcp/eclipse256.png
./packages/org.eclipse.epp.package.rcp/epp32.png
./packages/org.eclipse.epp.package.rcp/eclipse_lg@2x.png
./packages/org.eclipse.epp.package.rcp/eclipse32.png
./packages/org.eclipse.epp.package.rcp/eclipse32@2x.png
./packages/org.eclipse.epp.package.rcp/eclipse48.png
./packages/org.eclipse.epp.package.rcp/eclipse16.png
./packages/org.eclipse.epp.package.rcp/eclipse256@2x.png

./packages/org.eclipse.epp.package.common/splash-old.bmp
./packages/org.eclipse.epp.package.common/icons/star.png
./packages/org.eclipse.epp.package.common/icons/star@2x.png
./packages/org.eclipse.epp.package.common/splash.bmp

./packages/org.eclipse.epp.package.cpp/eclipse_lg.png
./packages/org.eclipse.epp.package.cpp/eclipse16@2x.png
./packages/org.eclipse.epp.package.cpp/eclipse48@2x.png
./packages/org.eclipse.epp.package.cpp/eclipse256.png
./packages/org.eclipse.epp.package.cpp/epp32.png
./packages/org.eclipse.epp.package.cpp/eclipse_lg@2x.png
./packages/org.eclipse.epp.package.cpp/eclipse32.png
./packages/org.eclipse.epp.package.cpp/eclipse32@2x.png
./packages/org.eclipse.epp.package.cpp/eclipse48.png
./packages/org.eclipse.epp.package.cpp/eclipse16.png
./packages/org.eclipse.epp.package.cpp/eclipse256@2x.png

./packages/org.eclipse.epp.package.committers/eclipse_lg.png
./packages/org.eclipse.epp.package.committers/eclipse16@2x.png
./packages/org.eclipse.epp.package.committers/eclipse48@2x.png
./packages/org.eclipse.epp.package.committers/eclipse256.png
./packages/org.eclipse.epp.package.committers/epp32.png
./packages/org.eclipse.epp.package.committers/eclipse_lg@2x.png
./packages/org.eclipse.epp.package.committers/eclipse32.png
./packages/org.eclipse.epp.package.committers/eclipse32@2x.png
./packages/org.eclipse.epp.package.committers/eclipse48.png
./packages/org.eclipse.epp.package.committers/eclipse16.png
./packages/org.eclipse.epp.package.committers/eclipse256@2x.png

./packages/org.eclipse.epp.package.embedcpp/eclipse_lg.png
./packages/org.eclipse.epp.package.embedcpp/eclipse16@2x.png
./packages/org.eclipse.epp.package.embedcpp/eclipse48@2x.png
./packages/org.eclipse.epp.package.embedcpp/eclipse256.png
./packages/org.eclipse.epp.package.embedcpp/epp32.png
./packages/org.eclipse.epp.package.embedcpp/eclipse_lg@2x.png
./packages/org.eclipse.epp.package.embedcpp/eclipse32.png
./packages/org.eclipse.epp.package.embedcpp/eclipse32@2x.png
./packages/org.eclipse.epp.package.embedcpp/eclipse48.png
./packages/org.eclipse.epp.package.embedcpp/eclipse16.png
./packages/org.eclipse.epp.package.embedcpp/eclipse256@2x.png

./packages/org.eclipse.epp.package.java/eclipse_lg.png
./packages/org.eclipse.epp.package.java/eclipse16@2x.png
./packages/org.eclipse.epp.package.java/eclipse48@2x.png
./packages/org.eclipse.epp.package.java/eclipse256.png
./packages/org.eclipse.epp.package.java/epp32.png
./packages/org.eclipse.epp.package.java/eclipse_lg@2x.png
./packages/org.eclipse.epp.package.java/eclipse32.png
./packages/org.eclipse.epp.package.java/eclipse32@2x.png
./packages/org.eclipse.epp.package.java/eclipse48.png
./packages/org.eclipse.epp.package.java/eclipse16.png
./packages/org.eclipse.epp.package.java/eclipse256@2x.png

./packages/org.eclipse.epp.package.dsl/eclipse_lg.png
./packages/org.eclipse.epp.package.dsl/eclipse16@2x.png
./packages/org.eclipse.epp.package.dsl/eclipse48@2x.png
./packages/org.eclipse.epp.package.dsl/eclipse256.png
./packages/org.eclipse.epp.package.dsl/epp32.png
./packages/org.eclipse.epp.package.dsl/eclipse_lg@2x.png
./packages/org.eclipse.epp.package.dsl/eclipse32.png
./packages/org.eclipse.epp.package.dsl/eclipse32@2x.png
./packages/org.eclipse.epp.package.dsl/eclipse48.png
./packages/org.eclipse.epp.package.dsl/eclipse16.png
./packages/org.eclipse.epp.package.dsl/eclipse256@2x.png

./packages/org.eclipse.epp.package.php/eclipse_lg.png
./packages/org.eclipse.epp.package.php/eclipse16@2x.png
./packages/org.eclipse.epp.package.php/eclipse48@2x.png
./packages/org.eclipse.epp.package.php/eclipse256.png
./packages/org.eclipse.epp.package.php/epp32.png
./packages/org.eclipse.epp.package.php/eclipse_lg@2x.png
./packages/org.eclipse.epp.package.php/eclipse32.png
./packages/org.eclipse.epp.package.php/eclipse32@2x.png
./packages/org.eclipse.epp.package.php/eclipse48.png
./packages/org.eclipse.epp.package.php/eclipse16.png
./packages/org.eclipse.epp.package.php/eclipse256@2x.png
./packages/org.eclipse.epp.package.php/epp-php-about.png

./packages/org.eclipse.epp.package.jee/eclipse_lg.png
./packages/org.eclipse.epp.package.jee/javaee-ide_x32.png
./packages/org.eclipse.epp.package.jee/javaee-ide_x48.png
./packages/org.eclipse.epp.package.jee/wtp_logo_96.png
./packages/org.eclipse.epp.package.jee/epp32.png
./packages/org.eclipse.epp.package.jee/eclipse_lg@2x.png
./packages/org.eclipse.epp.package.jee/wtp_logo_2010.png
./packages/org.eclipse.epp.package.jee/javaee-ide_x16.png

./packages/org.eclipse.epp.package.modeling/eclipse_lg.png
./packages/org.eclipse.epp.package.modeling/eclipse16@2x.png
./packages/org.eclipse.epp.package.modeling/eclipse48@2x.png
./packages/org.eclipse.epp.package.modeling/eclipse256.png
./packages/org.eclipse.epp.package.modeling/epp32.png
./packages/org.eclipse.epp.package.modeling/eclipse_lg@2x.png
./packages/org.eclipse.epp.package.modeling/eclipse32.png
./packages/org.eclipse.epp.package.modeling/eclipse32@2x.png
./packages/org.eclipse.epp.package.modeling/eclipse48.png
./packages/org.eclipse.epp.package.modeling/eclipse16.png
./packages/org.eclipse.epp.package.modeling/eclipse256@2x.png